<?xml version="1.0" encoding="UTF-8"?>
<!-- Generated by org.testng.reporters.JUnitXMLReporter -->
<testsuite hostname="LAPTOP-Q7E6F0R0" ignored="0" name="Test" tests="1" failures="0" timestamp="09 Dec 2020 04:52:10 GMT" time="0.084" errors="0">
  <testcase name="@BeforeTest setup" time="0.0" classname="com.TestCases.BaseClass">
    <failure type="org.testng.TestNGException" message="
Parameter &amp;apos;browser&amp;apos; is required by BeforeTest on method setup but has not been marked @Optional or defined
in C:\Users\grvsi\git\DemoRepo\Framework\XMLFiles\testSuite.xml">
      <![CDATA[org.testng.TestNGException: 
Parameter 'browser' is required by BeforeTest on method setup but has not been marked @Optional or defined
in C:\Users\grvsi\git\DemoRepo\Framework\XMLFiles\testSuite.xml
... Removed 20 stack frames]]>
    </failure>
  </testcase> <!-- @BeforeTest setup -->
  <testcase name="@AfterMethod tearAfterMethod" time="0.0" classname="com.TestCases.BaseClass">
    <skipped/>
  </testcase> <!-- @AfterMethod tearAfterMethod -->
  <testcase name="@AfterTest tearDown" time="0.0" classname="com.TestCases.BaseClass">
    <skipped/>
  </testcase> <!-- @AfterTest tearDown -->
  <testcase name="TestCase1" time="0.0" classname="com.TestCases.MyFirstTestcase">
    <skipped/>
  </testcase> <!-- TestCase1 -->
</testsuite> <!-- Test -->
