<?xml version="1.0" encoding="UTF-8"?>
<!-- Generated by org.testng.reporters.JUnitReportReporter -->
<testsuite name="com.ExtentReportDemo.VerifyPageTitle" tests="1" time="0.051" ignored="0" failures="0" timestamp="22 Nov 2020 20:15:30 GMT" skipped="0" hostname="LAPTOP-Q7E6F0R0" errors="1">
  <testcase name="VerifyPageTitleInSelenium" time="0.051" classname="com.ExtentReportDemo.VerifyPageTitle">
    <error type="java.lang.NoClassDefFoundError" message="io.reactivex.rxjava3.subjects.PublishSubject">
      <![CDATA[java.lang.NoClassDefFoundError: io.reactivex.rxjava3.subjects.PublishSubject
	at com.aventstack.extentreports.ReactiveSubject.<init>(ReactiveSubject.java:28)
	at com.aventstack.extentreports.AbstractProcessor.<init>(AbstractProcessor.java:22)
	at com.ExtentReportDemo.VerifyPageTitle.VerifyPageTitleInSelenium(VerifyPageTitle.java:17)
	at sun.reflect.NativeMethodAccessorImpl.invoke0(Native Method)
	at sun.reflect.NativeMethodAccessorImpl.invoke(NativeMethodAccessorImpl.java:62)
	at sun.reflect.DelegatingMethodAccessorImpl.invoke(DelegatingMethodAccessorImpl.java:43)
	at java.lang.reflect.Method.invoke(Method.java:498)
	at org.testng.internal.MethodInvocationHelper.invokeMethod(MethodInvocationHelper.java:104)
	at org.testng.internal.Invoker.invokeMethod(Invoker.java:645)
	at org.testng.internal.Invoker.invokeTestMethod(Invoker.java:851)
	at org.testng.internal.Invoker.invokeTestMethods(Invoker.java:1177)
	at org.testng.internal.TestMethodWorker.invokeTestMethods(TestMethodWorker.java:129)
	at org.testng.internal.TestMethodWorker.run(TestMethodWorker.java:112)
	at org.testng.TestRunner.privateRun(TestRunner.java:756)
	at org.testng.TestRunner.run(TestRunner.java:610)
	at org.testng.SuiteRunner.runTest(SuiteRunner.java:387)
	at org.testng.SuiteRunner.runSequentially(SuiteRunner.java:382)
	at org.testng.SuiteRunner.privateRun(SuiteRunner.java:340)
	at org.testng.SuiteRunner.run(SuiteRunner.java:289)
	at org.testng.SuiteRunnerWorker.runSuite(SuiteRunnerWorker.java:52)
	at org.testng.SuiteRunnerWorker.run(SuiteRunnerWorker.java:86)
	at org.testng.TestNG.runSuitesSequentially(TestNG.java:1293)
	at org.testng.TestNG.runSuitesLocally(TestNG.java:1218)
	at org.testng.TestNG.runSuites(TestNG.java:1133)
	at org.testng.TestNG.run(TestNG.java:1104)
	at org.testng.remote.AbstractRemoteTestNG.run(AbstractRemoteTestNG.java:132)
	at org.testng.remote.RemoteTestNG.initAndRun(RemoteTestNG.java:236)
	at org.testng.remote.RemoteTestNG.main(RemoteTestNG.java:81)
Caused by: java.lang.ClassNotFoundException: io.reactivex.rxjava3.subjects.PublishSubject
	at java.net.URLClassLoader.findClass(URLClassLoader.java:591)
	at java.lang.ClassLoader.loadClassHelper(ClassLoader.java:953)
	at java.lang.ClassLoader.loadClass(ClassLoader.java:898)
	at sun.misc.Launcher$AppClassLoader.loadClass(Launcher.java:352)
	at java.lang.ClassLoader.loadClass(ClassLoader.java:881)
	... 28 more
]]>
    </error>
  </testcase> <!-- VerifyPageTitleInSelenium -->
</testsuite> <!-- com.ExtentReportDemo.VerifyPageTitle -->
